[0m21:30:19.031496 [debug] [MainThread]: Sending event: {'category': 'dbt', 'action': 'invocation', 'label': 'start', 'context': [<snowplow_tracker.self_describing_json.SelfDescribingJson object at 0x0000022FED8F9BE0>, <snowplow_tracker.self_describing_json.SelfDescribingJson object at 0x0000022FED243980>, <snowplow_tracker.self_describing_json.SelfDescribingJson object at 0x0000022FED099EB0>]}


============================== 21:30:19.228811 | 5d58c97f-ae17-4121-8cce-2d9b26c17c65 ==============================
[0m21:30:19.228811 [info ] [MainThread]: Running with dbt=1.11.8
[0m21:30:19.229805 [debug] [MainThread]: running dbt with arguments {'static_parser': 'True', 'no_print': 'None', 'version_check': 'True', 'warn_error_options': 'WarnErrorOptionsV2(error=[], warn=[], silence=[])', 'target_path': 'None', 'printer_width': '80', 'write_json': 'True', 'empty': 'None', 'log_cache_events': 'False', 'introspect': 'True', 'cache_selected_only': 'False', 'log_format': 'default', 'debug': 'False', 'fail_fast': 'False', 'partial_parse': 'True', 'send_anonymous_usage_stats': 'True', 'quiet': 'False', 'warn_error': 'None', 'profiles_dir': 'C:\\Users\\randi\\.dbt', 'invocation_command': 'dbt init', 'use_colors': 'True', 'indirect_selection': 'eager', 'use_experimental_parser': 'False', 'log_path': 'logs'}
[0m21:30:19.720291 [info ] [MainThread]: Creating dbt configuration folder at C:\Users\randi\.dbt
[0m21:36:44.087512 [debug] [MainThread]: Starter project path: C:\Users\randi\OneDrive\Desktop\DBT_Snowflake\.venv\Lib\site-packages\dbt\include\starter_project
[0m21:36:44.131718 [info ] [MainThread]: 
Your new dbt project "dbt_snowflake_project" was created!

For more information on how to configure the profiles.yml file,
please consult the dbt documentation here:

  https://docs.getdbt.com/docs/configure-your-profile

One more thing:

Need help? Don't hesitate to reach out to us via GitHub issues or on Slack:

  https://community.getdbt.com/

Happy modeling!

[0m21:36:44.132715 [info ] [MainThread]: Setting up your profile.
[0m21:39:44.529717 [debug] [MainThread]: Snowflake adapter: Setting snowflake.connector to ERROR (file logging only)
[0m21:39:44.531717 [debug] [MainThread]: Snowflake adapter: Setting botocore to ERROR (file logging only)
[0m21:39:44.532717 [debug] [MainThread]: Snowflake adapter: Setting boto3 to ERROR (file logging only)
[0m21:43:45.633633 [info ] [MainThread]: Profile dbt_snowflake_project written to C:\Users\randi\.dbt\profiles.yml using target's profile_template.yml and your supplied values. Run 'dbt debug' to validate the connection.
[0m21:43:45.651686 [debug] [MainThread]: Command `dbt init` succeeded at 21:43:45.649675 after 807.04 seconds
[0m21:43:45.655686 [debug] [MainThread]: Sending event: {'category': 'dbt', 'action': 'invocation', 'label': 'end', 'context': [<snowplow_tracker.self_describing_json.SelfDescribingJson object at 0x0000022FF14C7EF0>, <snowplow_tracker.self_describing_json.SelfDescribingJson object at 0x0000022FEFC64920>, <snowplow_tracker.self_describing_json.SelfDescribingJson object at 0x0000022FF1206780>]}
[0m21:43:45.658683 [debug] [MainThread]: Flushing usage events
[0m21:43:46.402786 [debug] [MainThread]: An error was encountered while trying to flush usage events
[0m10:42:10.770140 [debug] [MainThread]: Sending event: {'category': 'dbt', 'action': 'invocation', 'label': 'start', 'context': [<snowplow_tracker.self_describing_json.SelfDescribingJson object at 0x000001B798B5E990>, <snowplow_tracker.self_describing_json.SelfDescribingJson object at 0x000001B79862F920>, <snowplow_tracker.self_describing_json.SelfDescribingJson object at 0x000001B799109730>]}


============================== 10:42:10.829216 | f38ef2b6-9dc6-4e64-a17e-8b69f07f673b ==============================
[0m10:42:10.829216 [info ] [MainThread]: Running with dbt=1.11.8
[0m10:42:10.831522 [debug] [MainThread]: running dbt with arguments {'version_check': 'True', 'no_print': 'None', 'static_parser': 'True', 'warn_error_options': 'WarnErrorOptionsV2(error=[], warn=[], silence=[])', 'target_path': 'None', 'printer_width': '80', 'write_json': 'True', 'introspect': 'True', 'log_cache_events': 'False', 'empty': 'False', 'cache_selected_only': 'False', 'fail_fast': 'False', 'debug': 'False', 'log_format': 'default', 'profiles_dir': 'C:\\Users\\randi\\.dbt', 'send_anonymous_usage_stats': 'True', 'quiet': 'False', 'warn_error': 'None', 'partial_parse': 'True', 'indirect_selection': 'eager', 'invocation_command': 'dbt run --select models/demo', 'use_colors': 'True', 'use_experimental_parser': 'False', 'log_path': 'logs'}
[0m10:42:10.834075 [error] [MainThread]: Encountered an error:
Runtime Error
  No dbt_project.yml found at expected path C:\Users\randi\OneDrive\Desktop\DBT_Snowflake\dbt_project.yml
  Verify that each entry within packages.yml (and their transitive dependencies) contains a file named dbt_project.yml
  
[0m10:42:10.837080 [debug] [MainThread]: Command `dbt run` failed at 10:42:10.836078 after 0.43 seconds
[0m10:42:10.837080 [debug] [MainThread]: Sending event: {'category': 'dbt', 'action': 'invocation', 'label': 'end', 'context': [<snowplow_tracker.self_describing_json.SelfDescribingJson object at 0x000001B798B5E990>, <snowplow_tracker.self_describing_json.SelfDescribingJson object at 0x000001B7996AC140>, <snowplow_tracker.self_describing_json.SelfDescribingJson object at 0x000001B7991E24E0>]}
[0m10:42:10.839090 [debug] [MainThread]: Flushing usage events
[0m10:42:11.647493 [debug] [MainThread]: An error was encountered while trying to flush usage events
[0m08:16:22.101777 [debug] [MainThread]: Sending event: {'category': 'dbt', 'action': 'invocation', 'label': 'start', 'context': [<snowplow_tracker.self_describing_json.SelfDescribingJson object at 0x000001245A25E720>, <snowplow_tracker.self_describing_json.SelfDescribingJson object at 0x0000012457B6A120>, <snowplow_tracker.self_describing_json.SelfDescribingJson object at 0x000001245A6980E0>]}


============================== 08:16:22.117802 | 20d3c667-8a70-434d-ad88-8b35e5025230 ==============================
[0m08:16:22.117802 [info ] [MainThread]: Running with dbt=1.11.8
[0m08:16:22.119792 [debug] [MainThread]: running dbt with arguments {'static_parser': 'True', 'no_print': 'None', 'version_check': 'True', 'warn_error_options': 'WarnErrorOptionsV2(error=[], warn=[], silence=[])', 'target_path': 'None', 'printer_width': '80', 'write_json': 'True', 'empty': 'False', 'log_cache_events': 'False', 'introspect': 'True', 'cache_selected_only': 'False', 'log_format': 'default', 'debug': 'False', 'fail_fast': 'False', 'partial_parse': 'True', 'send_anonymous_usage_stats': 'True', 'quiet': 'False', 'warn_error': 'None', 'profiles_dir': 'C:\\Users\\randi\\.dbt', 'use_colors': 'True', 'invocation_command': 'dbt run', 'indirect_selection': 'eager', 'use_experimental_parser': 'False', 'log_path': 'logs'}
[0m08:16:22.121799 [error] [MainThread]: Encountered an error:
Runtime Error
  No dbt_project.yml found at expected path C:\Users\randi\OneDrive\Desktop\DBT_Snowflake\dbt_project.yml
  Verify that each entry within packages.yml (and their transitive dependencies) contains a file named dbt_project.yml
  
[0m08:16:22.123805 [debug] [MainThread]: Command `dbt run` failed at 08:16:22.123805 after 0.21 seconds
[0m08:16:22.124799 [debug] [MainThread]: Sending event: {'category': 'dbt', 'action': 'invocation', 'label': 'end', 'context': [<snowplow_tracker.self_describing_json.SelfDescribingJson object at 0x000001245A6430B0>, <snowplow_tracker.self_describing_json.SelfDescribingJson object at 0x000001245A5A8FE0>, <snowplow_tracker.self_describing_json.SelfDescribingJson object at 0x0000012457717080>]}
[0m08:16:22.127321 [debug] [MainThread]: Flushing usage events
[0m08:16:22.661820 [debug] [MainThread]: An error was encountered while trying to flush usage events
[0m21:59:23.520096 [debug] [MainThread]: Sending event: {'category': 'dbt', 'action': 'invocation', 'label': 'start', 'context': [<snowplow_tracker.self_describing_json.SelfDescribingJson object at 0x000001F65FB43860>, <snowplow_tracker.self_describing_json.SelfDescribingJson object at 0x000001F6629F6ED0>, <snowplow_tracker.self_describing_json.SelfDescribingJson object at 0x000001F6629F4E90>]}


============================== 21:59:23.567906 | f8d68cb9-f825-4d93-8756-dfa3228e78f2 ==============================
[0m21:59:23.567906 [info ] [MainThread]: Running with dbt=1.11.8
[0m21:59:23.569817 [debug] [MainThread]: running dbt with arguments {'version_check': 'True', 'no_print': 'None', 'static_parser': 'True', 'warn_error_options': 'WarnErrorOptionsV2(error=[], warn=[], silence=[])', 'target_path': 'None', 'printer_width': '80', 'write_json': 'True', 'empty': 'None', 'log_cache_events': 'False', 'introspect': 'True', 'cache_selected_only': 'False', 'fail_fast': 'False', 'debug': 'False', 'log_format': 'default', 'partial_parse': 'True', 'send_anonymous_usage_stats': 'True', 'quiet': 'False', 'warn_error': 'None', 'profiles_dir': 'C:\\Users\\randi\\.dbt', 'indirect_selection': 'eager', 'use_colors': 'True', 'invocation_command': 'dbt docs generate', 'use_experimental_parser': 'False', 'log_path': 'logs'}
[0m21:59:23.570869 [error] [MainThread]: Encountered an error:
Runtime Error
  No dbt_project.yml found at expected path C:\Users\randi\OneDrive\Desktop\DBT_Snowflake\dbt_project.yml
  Verify that each entry within packages.yml (and their transitive dependencies) contains a file named dbt_project.yml
  
[0m21:59:23.574814 [debug] [MainThread]: Command `dbt docs generate` failed at 21:59:23.573813 after 0.40 seconds
[0m21:59:23.574814 [debug] [MainThread]: Sending event: {'category': 'dbt', 'action': 'invocation', 'label': 'end', 'context': [<snowplow_tracker.self_describing_json.SelfDescribingJson object at 0x000001F66406E780>, <snowplow_tracker.self_describing_json.SelfDescribingJson object at 0x000001F662A58FB0>, <snowplow_tracker.self_describing_json.SelfDescribingJson object at 0x000001F662D88FB0>]}
[0m21:59:23.575814 [debug] [MainThread]: Flushing usage events
[0m21:59:24.419543 [debug] [MainThread]: An error was encountered while trying to flush usage events
